<?xml version="1.0" encoding="UTF-8"?>
<!-- Generated by org.testng.reporters.JUnitReportReporter -->
<testsuite hostname="Vishal-PC" name="com.selenium.database.test.SQLTest" tests="1" failures="0" timestamp="20 Jan 2016 04:50:58 GMT" time="1.169" errors="0">
  <testcase name="sqlDataTest" time="1.169" classname="com.selenium.database.test.SQLTest"/>
</testsuite> <!-- com.selenium.database.test.SQLTest -->
